E:\WORKING\PRIVATELIVEWINDOWS\PRIVATELIVEWINDOWS\DEBUG\.NETFRAMEWORK,VERSION=V4.0.ASSEMBLYATTRIBUTES.OBJ
E:\WORKING\PRIVATELIVEWINDOWS\PRIVATELIVEWINDOWS\DEBUG\APP.RES
E:\WORKING\PRIVATELIVEWINDOWS\PRIVATELIVEWINDOWS\DEBUG\ASSEMBLYINFO.OBJ
E:\working\PrivateLiveWindows\PrivateLiveWindows\Debug\cl.command.1.tlog
E:\working\PrivateLiveWindows\PrivateLiveWindows\Debug\CL.read.1.tlog
E:\working\PrivateLiveWindows\PrivateLiveWindows\Debug\CL.write.1.tlog
E:\working\PrivateLiveWindows\PrivateLiveWindows\Debug\GenerateResource.read.1.tlog
E:\working\PrivateLiveWindows\PrivateLiveWindows\Debug\GenerateResource.read.28.tlog
E:\working\PrivateLiveWindows\PrivateLiveWindows\Debug\GenerateResource.read.4.tlog
E:\working\PrivateLiveWindows\PrivateLiveWindows\Debug\GenerateResource.write.1.tlog
E:\working\PrivateLiveWindows\PrivateLiveWindows\Debug\GenerateResource.write.28.tlog
E:\working\PrivateLiveWindows\PrivateLiveWindows\Debug\GenerateResource.write.4.tlog
E:\working\PrivateLiveWindows\PrivateLiveWindows\Debug\link.10020.read.1.tlog
E:\working\PrivateLiveWindows\PrivateLiveWindows\Debug\link.10020.write.1.tlog
E:\working\PrivateLiveWindows\PrivateLiveWindows\Debug\link.10020-cvtres.read.1.tlog
E:\working\PrivateLiveWindows\PrivateLiveWindows\Debug\link.10020-cvtres.write.1.tlog
E:\working\PrivateLiveWindows\PrivateLiveWindows\Debug\link.10216.read.1.tlog
E:\working\PrivateLiveWindows\PrivateLiveWindows\Debug\link.10216.write.1.tlog
E:\working\PrivateLiveWindows\PrivateLiveWindows\Debug\link.10216-cvtres.read.1.tlog
E:\working\PrivateLiveWindows\PrivateLiveWindows\Debug\link.10216-cvtres.write.1.tlog
E:\working\PrivateLiveWindows\PrivateLiveWindows\Debug\link.10228.read.1.tlog
E:\working\PrivateLiveWindows\PrivateLiveWindows\Debug\link.10228.write.1.tlog
E:\working\PrivateLiveWindows\PrivateLiveWindows\Debug\link.10228-cvtres.read.1.tlog
E:\working\PrivateLiveWindows\PrivateLiveWindows\Debug\link.10228-cvtres.write.1.tlog
E:\working\PrivateLiveWindows\PrivateLiveWindows\Debug\link.1036.read.1.tlog
E:\working\PrivateLiveWindows\PrivateLiveWindows\Debug\link.1036.write.1.tlog
E:\working\PrivateLiveWindows\PrivateLiveWindows\Debug\link.1036-cvtres.read.1.tlog
E:\working\PrivateLiveWindows\PrivateLiveWindows\Debug\link.1036-cvtres.write.1.tlog
E:\working\PrivateLiveWindows\PrivateLiveWindows\Debug\link.1204.read.1.tlog
E:\working\PrivateLiveWindows\PrivateLiveWindows\Debug\link.1204.write.1.tlog
E:\working\PrivateLiveWindows\PrivateLiveWindows\Debug\link.1204-cvtres.read.1.tlog
E:\working\PrivateLiveWindows\PrivateLiveWindows\Debug\link.1204-cvtres.write.1.tlog
E:\working\PrivateLiveWindows\PrivateLiveWindows\Debug\link.1296.read.1.tlog
E:\working\PrivateLiveWindows\PrivateLiveWindows\Debug\link.1296.write.1.tlog
E:\working\PrivateLiveWindows\PrivateLiveWindows\Debug\link.1296-cvtres.read.1.tlog
E:\working\PrivateLiveWindows\PrivateLiveWindows\Debug\link.1296-cvtres.write.1.tlog
E:\working\PrivateLiveWindows\PrivateLiveWindows\Debug\link.1340.read.1.tlog
E:\working\PrivateLiveWindows\PrivateLiveWindows\Debug\link.1340.write.1.tlog
E:\working\PrivateLiveWindows\PrivateLiveWindows\Debug\link.1340-cvtres.read.1.tlog
E:\working\PrivateLiveWindows\PrivateLiveWindows\Debug\link.1340-cvtres.write.1.tlog
E:\working\PrivateLiveWindows\PrivateLiveWindows\Debug\link.1364.read.1.tlog
E:\working\PrivateLiveWindows\PrivateLiveWindows\Debug\link.1364.write.1.tlog
E:\working\PrivateLiveWindows\PrivateLiveWindows\Debug\link.1364-cvtres.read.1.tlog
E:\working\PrivateLiveWindows\PrivateLiveWindows\Debug\link.1364-cvtres.write.1.tlog
E:\working\PrivateLiveWindows\PrivateLiveWindows\Debug\link.1532.read.1.tlog
E:\working\PrivateLiveWindows\PrivateLiveWindows\Debug\link.1532.write.1.tlog
E:\working\PrivateLiveWindows\PrivateLiveWindows\Debug\link.1532-cvtres.read.1.tlog
E:\working\PrivateLiveWindows\PrivateLiveWindows\Debug\link.1532-cvtres.write.1.tlog
E:\working\PrivateLiveWindows\PrivateLiveWindows\Debug\link.1628.read.1.tlog
E:\working\PrivateLiveWindows\PrivateLiveWindows\Debug\link.1628.write.1.tlog
E:\working\PrivateLiveWindows\PrivateLiveWindows\Debug\link.1628-cvtres.read.1.tlog
E:\working\PrivateLiveWindows\PrivateLiveWindows\Debug\link.1628-cvtres.write.1.tlog
E:\working\PrivateLiveWindows\PrivateLiveWindows\Debug\link.2116.read.1.tlog
E:\working\PrivateLiveWindows\PrivateLiveWindows\Debug\link.2116.write.1.tlog
E:\working\PrivateLiveWindows\PrivateLiveWindows\Debug\link.2116-cvtres.read.1.tlog
E:\working\PrivateLiveWindows\PrivateLiveWindows\Debug\link.2116-cvtres.write.1.tlog
E:\working\PrivateLiveWindows\PrivateLiveWindows\Debug\link.2176.read.1.tlog
E:\working\PrivateLiveWindows\PrivateLiveWindows\Debug\link.2176.write.1.tlog
E:\working\PrivateLiveWindows\PrivateLiveWindows\Debug\link.2176-cvtres.read.1.tlog
E:\working\PrivateLiveWindows\PrivateLiveWindows\Debug\link.2176-cvtres.write.1.tlog
E:\working\PrivateLiveWindows\PrivateLiveWindows\Debug\link.2204.read.1.tlog
E:\working\PrivateLiveWindows\PrivateLiveWindows\Debug\link.2204.write.1.tlog
E:\working\PrivateLiveWindows\PrivateLiveWindows\Debug\link.2204-cvtres.read.1.tlog
E:\working\PrivateLiveWindows\PrivateLiveWindows\Debug\link.2204-cvtres.write.1.tlog
E:\working\PrivateLiveWindows\PrivateLiveWindows\Debug\link.2212.read.1.tlog
E:\working\PrivateLiveWindows\PrivateLiveWindows\Debug\link.2212.write.1.tlog
E:\working\PrivateLiveWindows\PrivateLiveWindows\Debug\link.2212-cvtres.read.1.tlog
E:\working\PrivateLiveWindows\PrivateLiveWindows\Debug\link.2212-cvtres.write.1.tlog
E:\working\PrivateLiveWindows\PrivateLiveWindows\Debug\link.2256.read.1.tlog
E:\working\PrivateLiveWindows\PrivateLiveWindows\Debug\link.2256.write.1.tlog
E:\working\PrivateLiveWindows\PrivateLiveWindows\Debug\link.2256-cvtres.read.1.tlog
E:\working\PrivateLiveWindows\PrivateLiveWindows\Debug\link.2256-cvtres.write.1.tlog
E:\working\PrivateLiveWindows\PrivateLiveWindows\Debug\link.2532.read.1.tlog
E:\working\PrivateLiveWindows\PrivateLiveWindows\Debug\link.2532.write.1.tlog
E:\working\PrivateLiveWindows\PrivateLiveWindows\Debug\link.2532-cvtres.read.1.tlog
E:\working\PrivateLiveWindows\PrivateLiveWindows\Debug\link.2532-cvtres.write.1.tlog
E:\working\PrivateLiveWindows\PrivateLiveWindows\Debug\link.2588.read.1.tlog
E:\working\PrivateLiveWindows\PrivateLiveWindows\Debug\link.2588.write.1.tlog
E:\working\PrivateLiveWindows\PrivateLiveWindows\Debug\link.2588-cvtres.read.1.tlog
E:\working\PrivateLiveWindows\PrivateLiveWindows\Debug\link.2588-cvtres.write.1.tlog
E:\working\PrivateLiveWindows\PrivateLiveWindows\Debug\link.2636.read.1.tlog
E:\working\PrivateLiveWindows\PrivateLiveWindows\Debug\link.2636.write.1.tlog
E:\working\PrivateLiveWindows\PrivateLiveWindows\Debug\link.2636-cvtres.read.1.tlog
E:\working\PrivateLiveWindows\PrivateLiveWindows\Debug\link.2636-cvtres.write.1.tlog
E:\working\PrivateLiveWindows\PrivateLiveWindows\Debug\link.2660.read.1.tlog
E:\working\PrivateLiveWindows\PrivateLiveWindows\Debug\link.2660.write.1.tlog
E:\working\PrivateLiveWindows\PrivateLiveWindows\Debug\link.2660-cvtres.read.1.tlog
E:\working\PrivateLiveWindows\PrivateLiveWindows\Debug\link.2660-cvtres.write.1.tlog
E:\working\PrivateLiveWindows\PrivateLiveWindows\Debug\link.2796.read.1.tlog
E:\working\PrivateLiveWindows\PrivateLiveWindows\Debug\link.2796.write.1.tlog
E:\working\PrivateLiveWindows\PrivateLiveWindows\Debug\link.2796-cvtres.read.1.tlog
E:\working\PrivateLiveWindows\PrivateLiveWindows\Debug\link.2796-cvtres.write.1.tlog
E:\working\PrivateLiveWindows\PrivateLiveWindows\Debug\link.2868.read.1.tlog
E:\working\PrivateLiveWindows\PrivateLiveWindows\Debug\link.2868.write.1.tlog
E:\working\PrivateLiveWindows\PrivateLiveWindows\Debug\link.2868-cvtres.read.1.tlog
E:\working\PrivateLiveWindows\PrivateLiveWindows\Debug\link.2868-cvtres.write.1.tlog
E:\working\PrivateLiveWindows\PrivateLiveWindows\Debug\link.2900.read.1.tlog
E:\working\PrivateLiveWindows\PrivateLiveWindows\Debug\link.2900.write.1.tlog
E:\working\PrivateLiveWindows\PrivateLiveWindows\Debug\link.2900-cvtres.read.1.tlog
E:\working\PrivateLiveWindows\PrivateLiveWindows\Debug\link.2900-cvtres.write.1.tlog
E:\working\PrivateLiveWindows\PrivateLiveWindows\Debug\link.3104.read.1.tlog
E:\working\PrivateLiveWindows\PrivateLiveWindows\Debug\link.3104.write.1.tlog
E:\working\PrivateLiveWindows\PrivateLiveWindows\Debug\link.3104-cvtres.read.1.tlog
E:\working\PrivateLiveWindows\PrivateLiveWindows\Debug\link.3104-cvtres.write.1.tlog
E:\working\PrivateLiveWindows\PrivateLiveWindows\Debug\link.3456.read.1.tlog
E:\working\PrivateLiveWindows\PrivateLiveWindows\Debug\link.3456.write.1.tlog
E:\working\PrivateLiveWindows\PrivateLiveWindows\Debug\link.3456-cvtres.read.1.tlog
E:\working\PrivateLiveWindows\PrivateLiveWindows\Debug\link.3456-cvtres.write.1.tlog
E:\working\PrivateLiveWindows\PrivateLiveWindows\Debug\link.3540.read.1.tlog
E:\working\PrivateLiveWindows\PrivateLiveWindows\Debug\link.3540.write.1.tlog
E:\working\PrivateLiveWindows\PrivateLiveWindows\Debug\link.3540-cvtres.read.1.tlog
E:\working\PrivateLiveWindows\PrivateLiveWindows\Debug\link.3540-cvtres.write.1.tlog
E:\working\PrivateLiveWindows\PrivateLiveWindows\Debug\link.356.read.1.tlog
E:\working\PrivateLiveWindows\PrivateLiveWindows\Debug\link.356.write.1.tlog
E:\working\PrivateLiveWindows\PrivateLiveWindows\Debug\link.356-cvtres.read.1.tlog
E:\working\PrivateLiveWindows\PrivateLiveWindows\Debug\link.356-cvtres.write.1.tlog
E:\working\PrivateLiveWindows\PrivateLiveWindows\Debug\link.3628.read.1.tlog
E:\working\PrivateLiveWindows\PrivateLiveWindows\Debug\link.3628.write.1.tlog
E:\working\PrivateLiveWindows\PrivateLiveWindows\Debug\link.3628-cvtres.read.1.tlog
E:\working\PrivateLiveWindows\PrivateLiveWindows\Debug\link.3628-cvtres.write.1.tlog
E:\working\PrivateLiveWindows\PrivateLiveWindows\Debug\link.3852.read.1.tlog
E:\working\PrivateLiveWindows\PrivateLiveWindows\Debug\link.3852.write.1.tlog
E:\working\PrivateLiveWindows\PrivateLiveWindows\Debug\link.3852-cvtres.read.1.tlog
E:\working\PrivateLiveWindows\PrivateLiveWindows\Debug\link.3852-cvtres.write.1.tlog
E:\working\PrivateLiveWindows\PrivateLiveWindows\Debug\link.3936.read.1.tlog
E:\working\PrivateLiveWindows\PrivateLiveWindows\Debug\link.3936.write.1.tlog
E:\working\PrivateLiveWindows\PrivateLiveWindows\Debug\link.3936-cvtres.read.1.tlog
E:\working\PrivateLiveWindows\PrivateLiveWindows\Debug\link.3936-cvtres.write.1.tlog
E:\working\PrivateLiveWindows\PrivateLiveWindows\Debug\link.3984.read.1.tlog
E:\working\PrivateLiveWindows\PrivateLiveWindows\Debug\link.3984.write.1.tlog
E:\working\PrivateLiveWindows\PrivateLiveWindows\Debug\link.3984-cvtres.read.1.tlog
E:\working\PrivateLiveWindows\PrivateLiveWindows\Debug\link.3984-cvtres.write.1.tlog
E:\working\PrivateLiveWindows\PrivateLiveWindows\Debug\link.3996.read.1.tlog
E:\working\PrivateLiveWindows\PrivateLiveWindows\Debug\link.3996.write.1.tlog
E:\working\PrivateLiveWindows\PrivateLiveWindows\Debug\link.3996-cvtres.read.1.tlog
E:\working\PrivateLiveWindows\PrivateLiveWindows\Debug\link.3996-cvtres.write.1.tlog
E:\working\PrivateLiveWindows\PrivateLiveWindows\Debug\link.4008.read.1.tlog
E:\working\PrivateLiveWindows\PrivateLiveWindows\Debug\link.4008.write.1.tlog
E:\working\PrivateLiveWindows\PrivateLiveWindows\Debug\link.4008-cvtres.read.1.tlog
E:\working\PrivateLiveWindows\PrivateLiveWindows\Debug\link.4008-cvtres.write.1.tlog
E:\working\PrivateLiveWindows\PrivateLiveWindows\Debug\link.4160.read.1.tlog
E:\working\PrivateLiveWindows\PrivateLiveWindows\Debug\link.4160.write.1.tlog
E:\working\PrivateLiveWindows\PrivateLiveWindows\Debug\link.4160-cvtres.read.1.tlog
E:\working\PrivateLiveWindows\PrivateLiveWindows\Debug\link.4160-cvtres.write.1.tlog
E:\working\PrivateLiveWindows\PrivateLiveWindows\Debug\link.4224.read.1.tlog
E:\working\PrivateLiveWindows\PrivateLiveWindows\Debug\link.4224.write.1.tlog
E:\working\PrivateLiveWindows\PrivateLiveWindows\Debug\link.4224-cvtres.read.1.tlog
E:\working\PrivateLiveWindows\PrivateLiveWindows\Debug\link.4224-cvtres.write.1.tlog
E:\working\PrivateLiveWindows\PrivateLiveWindows\Debug\link.4324.read.1.tlog
E:\working\PrivateLiveWindows\PrivateLiveWindows\Debug\link.4324.write.1.tlog
E:\working\PrivateLiveWindows\PrivateLiveWindows\Debug\link.4324-cvtres.read.1.tlog
E:\working\PrivateLiveWindows\PrivateLiveWindows\Debug\link.4324-cvtres.write.1.tlog
E:\working\PrivateLiveWindows\PrivateLiveWindows\Debug\link.4336.read.1.tlog
E:\working\PrivateLiveWindows\PrivateLiveWindows\Debug\link.4336.write.1.tlog
E:\working\PrivateLiveWindows\PrivateLiveWindows\Debug\link.4336-cvtres.read.1.tlog
E:\working\PrivateLiveWindows\PrivateLiveWindows\Debug\link.4336-cvtres.write.1.tlog
E:\working\PrivateLiveWindows\PrivateLiveWindows\Debug\link.4344.read.1.tlog
E:\working\PrivateLiveWindows\PrivateLiveWindows\Debug\link.4344.write.1.tlog
E:\working\PrivateLiveWindows\PrivateLiveWindows\Debug\link.4344-cvtres.read.1.tlog
E:\working\PrivateLiveWindows\PrivateLiveWindows\Debug\link.4344-cvtres.write.1.tlog
E:\working\PrivateLiveWindows\PrivateLiveWindows\Debug\link.4428.read.1.tlog
E:\working\PrivateLiveWindows\PrivateLiveWindows\Debug\link.4428.write.1.tlog
E:\working\PrivateLiveWindows\PrivateLiveWindows\Debug\link.4428-cvtres.read.1.tlog
E:\working\PrivateLiveWindows\PrivateLiveWindows\Debug\link.4428-cvtres.write.1.tlog
E:\working\PrivateLiveWindows\PrivateLiveWindows\Debug\link.4520.read.1.tlog
E:\working\PrivateLiveWindows\PrivateLiveWindows\Debug\link.4520.write.1.tlog
E:\working\PrivateLiveWindows\PrivateLiveWindows\Debug\link.4520-cvtres.read.1.tlog
E:\working\PrivateLiveWindows\PrivateLiveWindows\Debug\link.4520-cvtres.write.1.tlog
E:\working\PrivateLiveWindows\PrivateLiveWindows\Debug\link.4768.read.1.tlog
E:\working\PrivateLiveWindows\PrivateLiveWindows\Debug\link.4768.write.1.tlog
E:\working\PrivateLiveWindows\PrivateLiveWindows\Debug\link.4768-cvtres.read.1.tlog
E:\working\PrivateLiveWindows\PrivateLiveWindows\Debug\link.4768-cvtres.write.1.tlog
E:\working\PrivateLiveWindows\PrivateLiveWindows\Debug\link.4792.read.1.tlog
E:\working\PrivateLiveWindows\PrivateLiveWindows\Debug\link.4792.write.1.tlog
E:\working\PrivateLiveWindows\PrivateLiveWindows\Debug\link.4792-cvtres.read.1.tlog
E:\working\PrivateLiveWindows\PrivateLiveWindows\Debug\link.4792-cvtres.write.1.tlog
E:\working\PrivateLiveWindows\PrivateLiveWindows\Debug\link.492.read.1.tlog
E:\working\PrivateLiveWindows\PrivateLiveWindows\Debug\link.492.write.1.tlog
E:\working\PrivateLiveWindows\PrivateLiveWindows\Debug\link.492-cvtres.read.1.tlog
E:\working\PrivateLiveWindows\PrivateLiveWindows\Debug\link.492-cvtres.write.1.tlog
E:\working\PrivateLiveWindows\PrivateLiveWindows\Debug\link.4952.read.1.tlog
E:\working\PrivateLiveWindows\PrivateLiveWindows\Debug\link.4952.write.1.tlog
E:\working\PrivateLiveWindows\PrivateLiveWindows\Debug\link.4952-cvtres.read.1.tlog
E:\working\PrivateLiveWindows\PrivateLiveWindows\Debug\link.4952-cvtres.write.1.tlog
E:\working\PrivateLiveWindows\PrivateLiveWindows\Debug\link.4984.read.1.tlog
E:\working\PrivateLiveWindows\PrivateLiveWindows\Debug\link.4984.write.1.tlog
E:\working\PrivateLiveWindows\PrivateLiveWindows\Debug\link.4984-cvtres.read.1.tlog
E:\working\PrivateLiveWindows\PrivateLiveWindows\Debug\link.4984-cvtres.write.1.tlog
E:\working\PrivateLiveWindows\PrivateLiveWindows\Debug\link.5040.read.1.tlog
E:\working\PrivateLiveWindows\PrivateLiveWindows\Debug\link.5040.write.1.tlog
E:\working\PrivateLiveWindows\PrivateLiveWindows\Debug\link.5040-cvtres.read.1.tlog
E:\working\PrivateLiveWindows\PrivateLiveWindows\Debug\link.5040-cvtres.write.1.tlog
E:\working\PrivateLiveWindows\PrivateLiveWindows\Debug\link.5096.read.1.tlog
E:\working\PrivateLiveWindows\PrivateLiveWindows\Debug\link.5096.write.1.tlog
E:\working\PrivateLiveWindows\PrivateLiveWindows\Debug\link.5096-cvtres.read.1.tlog
E:\working\PrivateLiveWindows\PrivateLiveWindows\Debug\link.5096-cvtres.write.1.tlog
E:\working\PrivateLiveWindows\PrivateLiveWindows\Debug\link.5228.read.1.tlog
E:\working\PrivateLiveWindows\PrivateLiveWindows\Debug\link.5228.write.1.tlog
E:\working\PrivateLiveWindows\PrivateLiveWindows\Debug\link.5228-cvtres.read.1.tlog
E:\working\PrivateLiveWindows\PrivateLiveWindows\Debug\link.5228-cvtres.write.1.tlog
E:\working\PrivateLiveWindows\PrivateLiveWindows\Debug\link.5288.read.1.tlog
E:\working\PrivateLiveWindows\PrivateLiveWindows\Debug\link.5288.write.1.tlog
E:\working\PrivateLiveWindows\PrivateLiveWindows\Debug\link.5288-cvtres.read.1.tlog
E:\working\PrivateLiveWindows\PrivateLiveWindows\Debug\link.5288-cvtres.write.1.tlog
E:\working\PrivateLiveWindows\PrivateLiveWindows\Debug\link.5436.read.1.tlog
E:\working\PrivateLiveWindows\PrivateLiveWindows\Debug\link.5436.write.1.tlog
E:\working\PrivateLiveWindows\PrivateLiveWindows\Debug\link.5436-cvtres.read.1.tlog
E:\working\PrivateLiveWindows\PrivateLiveWindows\Debug\link.5436-cvtres.write.1.tlog
E:\working\PrivateLiveWindows\PrivateLiveWindows\Debug\link.5440.read.1.tlog
E:\working\PrivateLiveWindows\PrivateLiveWindows\Debug\link.5440.write.1.tlog
E:\working\PrivateLiveWindows\PrivateLiveWindows\Debug\link.5440-cvtres.read.1.tlog
E:\working\PrivateLiveWindows\PrivateLiveWindows\Debug\link.5440-cvtres.write.1.tlog
E:\working\PrivateLiveWindows\PrivateLiveWindows\Debug\link.5468.read.1.tlog
E:\working\PrivateLiveWindows\PrivateLiveWindows\Debug\link.5468.write.1.tlog
E:\working\PrivateLiveWindows\PrivateLiveWindows\Debug\link.5468-cvtres.read.1.tlog
E:\working\PrivateLiveWindows\PrivateLiveWindows\Debug\link.5468-cvtres.write.1.tlog
E:\working\PrivateLiveWindows\PrivateLiveWindows\Debug\link.5552.read.1.tlog
E:\working\PrivateLiveWindows\PrivateLiveWindows\Debug\link.5552.write.1.tlog
E:\working\PrivateLiveWindows\PrivateLiveWindows\Debug\link.5552-cvtres.read.1.tlog
E:\working\PrivateLiveWindows\PrivateLiveWindows\Debug\link.5552-cvtres.write.1.tlog
E:\working\PrivateLiveWindows\PrivateLiveWindows\Debug\link.5600.read.1.tlog
E:\working\PrivateLiveWindows\PrivateLiveWindows\Debug\link.5600.write.1.tlog
E:\working\PrivateLiveWindows\PrivateLiveWindows\Debug\link.5600-cvtres.read.1.tlog
E:\working\PrivateLiveWindows\PrivateLiveWindows\Debug\link.5600-cvtres.write.1.tlog
E:\working\PrivateLiveWindows\PrivateLiveWindows\Debug\link.5608.read.1.tlog
E:\working\PrivateLiveWindows\PrivateLiveWindows\Debug\link.5608.write.1.tlog
E:\working\PrivateLiveWindows\PrivateLiveWindows\Debug\link.5608-cvtres.read.1.tlog
E:\working\PrivateLiveWindows\PrivateLiveWindows\Debug\link.5608-cvtres.write.1.tlog
E:\working\PrivateLiveWindows\PrivateLiveWindows\Debug\link.5624.read.1.tlog
E:\working\PrivateLiveWindows\PrivateLiveWindows\Debug\link.5624.write.1.tlog
E:\working\PrivateLiveWindows\PrivateLiveWindows\Debug\link.5624-cvtres.read.1.tlog
E:\working\PrivateLiveWindows\PrivateLiveWindows\Debug\link.5624-cvtres.write.1.tlog
E:\working\PrivateLiveWindows\PrivateLiveWindows\Debug\link.5752.read.1.tlog
E:\working\PrivateLiveWindows\PrivateLiveWindows\Debug\link.5752.write.1.tlog
E:\working\PrivateLiveWindows\PrivateLiveWindows\Debug\link.5752-cvtres.read.1.tlog
E:\working\PrivateLiveWindows\PrivateLiveWindows\Debug\link.5752-cvtres.write.1.tlog
E:\working\PrivateLiveWindows\PrivateLiveWindows\Debug\link.5780.read.1.tlog
E:\working\PrivateLiveWindows\PrivateLiveWindows\Debug\link.5780.write.1.tlog
E:\working\PrivateLiveWindows\PrivateLiveWindows\Debug\link.5780-cvtres.read.1.tlog
E:\working\PrivateLiveWindows\PrivateLiveWindows\Debug\link.5780-cvtres.write.1.tlog
E:\working\PrivateLiveWindows\PrivateLiveWindows\Debug\link.5872.read.1.tlog
E:\working\PrivateLiveWindows\PrivateLiveWindows\Debug\link.5872.write.1.tlog
E:\working\PrivateLiveWindows\PrivateLiveWindows\Debug\link.5872-cvtres.read.1.tlog
E:\working\PrivateLiveWindows\PrivateLiveWindows\Debug\link.5872-cvtres.write.1.tlog
E:\working\PrivateLiveWindows\PrivateLiveWindows\Debug\link.5932.read.1.tlog
E:\working\PrivateLiveWindows\PrivateLiveWindows\Debug\link.5932.write.1.tlog
E:\working\PrivateLiveWindows\PrivateLiveWindows\Debug\link.5932-cvtres.read.1.tlog
E:\working\PrivateLiveWindows\PrivateLiveWindows\Debug\link.5932-cvtres.write.1.tlog
E:\working\PrivateLiveWindows\PrivateLiveWindows\Debug\link.5996.read.1.tlog
E:\working\PrivateLiveWindows\PrivateLiveWindows\Debug\link.5996.write.1.tlog
E:\working\PrivateLiveWindows\PrivateLiveWindows\Debug\link.5996-cvtres.read.1.tlog
E:\working\PrivateLiveWindows\PrivateLiveWindows\Debug\link.5996-cvtres.write.1.tlog
E:\working\PrivateLiveWindows\PrivateLiveWindows\Debug\link.6004.read.1.tlog
E:\working\PrivateLiveWindows\PrivateLiveWindows\Debug\link.6004.write.1.tlog
E:\working\PrivateLiveWindows\PrivateLiveWindows\Debug\link.6004-cvtres.read.1.tlog
E:\working\PrivateLiveWindows\PrivateLiveWindows\Debug\link.6004-cvtres.write.1.tlog
E:\working\PrivateLiveWindows\PrivateLiveWindows\Debug\link.6060.read.1.tlog
E:\working\PrivateLiveWindows\PrivateLiveWindows\Debug\link.6060.write.1.tlog
E:\working\PrivateLiveWindows\PrivateLiveWindows\Debug\link.6060-cvtres.read.1.tlog
E:\working\PrivateLiveWindows\PrivateLiveWindows\Debug\link.6060-cvtres.write.1.tlog
E:\working\PrivateLiveWindows\PrivateLiveWindows\Debug\link.6064.read.1.tlog
E:\working\PrivateLiveWindows\PrivateLiveWindows\Debug\link.6064.write.1.tlog
E:\working\PrivateLiveWindows\PrivateLiveWindows\Debug\link.6064-cvtres.read.1.tlog
E:\working\PrivateLiveWindows\PrivateLiveWindows\Debug\link.6064-cvtres.write.1.tlog
E:\working\PrivateLiveWindows\PrivateLiveWindows\Debug\link.6084.read.1.tlog
E:\working\PrivateLiveWindows\PrivateLiveWindows\Debug\link.6084.write.1.tlog
E:\working\PrivateLiveWindows\PrivateLiveWindows\Debug\link.6084-cvtres.read.1.tlog
E:\working\PrivateLiveWindows\PrivateLiveWindows\Debug\link.6084-cvtres.write.1.tlog
E:\working\PrivateLiveWindows\PrivateLiveWindows\Debug\link.6096.read.1.tlog
E:\working\PrivateLiveWindows\PrivateLiveWindows\Debug\link.6096.write.1.tlog
E:\working\PrivateLiveWindows\PrivateLiveWindows\Debug\link.6096-cvtres.read.1.tlog
E:\working\PrivateLiveWindows\PrivateLiveWindows\Debug\link.6096-cvtres.write.1.tlog
E:\working\PrivateLiveWindows\PrivateLiveWindows\Debug\link.6228.read.1.tlog
E:\working\PrivateLiveWindows\PrivateLiveWindows\Debug\link.6228.write.1.tlog
E:\working\PrivateLiveWindows\PrivateLiveWindows\Debug\link.6228-cvtres.read.1.tlog
E:\working\PrivateLiveWindows\PrivateLiveWindows\Debug\link.6228-cvtres.write.1.tlog
E:\working\PrivateLiveWindows\PrivateLiveWindows\Debug\link.6384.read.1.tlog
E:\working\PrivateLiveWindows\PrivateLiveWindows\Debug\link.6384.write.1.tlog
E:\working\PrivateLiveWindows\PrivateLiveWindows\Debug\link.6384-cvtres.read.1.tlog
E:\working\PrivateLiveWindows\PrivateLiveWindows\Debug\link.6384-cvtres.write.1.tlog
E:\working\PrivateLiveWindows\PrivateLiveWindows\Debug\link.6448.read.1.tlog
E:\working\PrivateLiveWindows\PrivateLiveWindows\Debug\link.6448.write.1.tlog
E:\working\PrivateLiveWindows\PrivateLiveWindows\Debug\link.6448-cvtres.read.1.tlog
E:\working\PrivateLiveWindows\PrivateLiveWindows\Debug\link.6448-cvtres.write.1.tlog
E:\working\PrivateLiveWindows\PrivateLiveWindows\Debug\link.6464.read.1.tlog
E:\working\PrivateLiveWindows\PrivateLiveWindows\Debug\link.6464.write.1.tlog
E:\working\PrivateLiveWindows\PrivateLiveWindows\Debug\link.6464-cvtres.read.1.tlog
E:\working\PrivateLiveWindows\PrivateLiveWindows\Debug\link.6464-cvtres.write.1.tlog
E:\working\PrivateLiveWindows\PrivateLiveWindows\Debug\link.6468.read.1.tlog
E:\working\PrivateLiveWindows\PrivateLiveWindows\Debug\link.6468.write.1.tlog
E:\working\PrivateLiveWindows\PrivateLiveWindows\Debug\link.6468-cvtres.read.1.tlog
E:\working\PrivateLiveWindows\PrivateLiveWindows\Debug\link.6468-cvtres.write.1.tlog
E:\working\PrivateLiveWindows\PrivateLiveWindows\Debug\link.6524.read.1.tlog
E:\working\PrivateLiveWindows\PrivateLiveWindows\Debug\link.6524.write.1.tlog
E:\working\PrivateLiveWindows\PrivateLiveWindows\Debug\link.6524-cvtres.read.1.tlog
E:\working\PrivateLiveWindows\PrivateLiveWindows\Debug\link.6524-cvtres.write.1.tlog
E:\working\PrivateLiveWindows\PrivateLiveWindows\Debug\link.6584.read.1.tlog
E:\working\PrivateLiveWindows\PrivateLiveWindows\Debug\link.6584.write.1.tlog
E:\working\PrivateLiveWindows\PrivateLiveWindows\Debug\link.6584-cvtres.read.1.tlog
E:\working\PrivateLiveWindows\PrivateLiveWindows\Debug\link.6584-cvtres.write.1.tlog
E:\working\PrivateLiveWindows\PrivateLiveWindows\Debug\link.6596.read.1.tlog
E:\working\PrivateLiveWindows\PrivateLiveWindows\Debug\link.6596.write.1.tlog
E:\working\PrivateLiveWindows\PrivateLiveWindows\Debug\link.6596-cvtres.read.1.tlog
E:\working\PrivateLiveWindows\PrivateLiveWindows\Debug\link.6596-cvtres.write.1.tlog
E:\working\PrivateLiveWindows\PrivateLiveWindows\Debug\link.6608.read.1.tlog
E:\working\PrivateLiveWindows\PrivateLiveWindows\Debug\link.6608.write.1.tlog
E:\working\PrivateLiveWindows\PrivateLiveWindows\Debug\link.6608-cvtres.read.1.tlog
E:\working\PrivateLiveWindows\PrivateLiveWindows\Debug\link.6608-cvtres.write.1.tlog
E:\working\PrivateLiveWindows\PrivateLiveWindows\Debug\link.6636.read.1.tlog
E:\working\PrivateLiveWindows\PrivateLiveWindows\Debug\link.6636.write.1.tlog
E:\working\PrivateLiveWindows\PrivateLiveWindows\Debug\link.6636-cvtres.read.1.tlog
E:\working\PrivateLiveWindows\PrivateLiveWindows\Debug\link.6636-cvtres.write.1.tlog
E:\working\PrivateLiveWindows\PrivateLiveWindows\Debug\link.6664.read.1.tlog
E:\working\PrivateLiveWindows\PrivateLiveWindows\Debug\link.6664.write.1.tlog
E:\working\PrivateLiveWindows\PrivateLiveWindows\Debug\link.6664-cvtres.read.1.tlog
E:\working\PrivateLiveWindows\PrivateLiveWindows\Debug\link.6664-cvtres.write.1.tlog
E:\working\PrivateLiveWindows\PrivateLiveWindows\Debug\link.6696.read.1.tlog
E:\working\PrivateLiveWindows\PrivateLiveWindows\Debug\link.6696.write.1.tlog
E:\working\PrivateLiveWindows\PrivateLiveWindows\Debug\link.6696-cvtres.read.1.tlog
E:\working\PrivateLiveWindows\PrivateLiveWindows\Debug\link.6696-cvtres.write.1.tlog
E:\working\PrivateLiveWindows\PrivateLiveWindows\Debug\link.6700.read.1.tlog
E:\working\PrivateLiveWindows\PrivateLiveWindows\Debug\link.6700.write.1.tlog
E:\working\PrivateLiveWindows\PrivateLiveWindows\Debug\link.6700-cvtres.read.1.tlog
E:\working\PrivateLiveWindows\PrivateLiveWindows\Debug\link.6700-cvtres.write.1.tlog
E:\working\PrivateLiveWindows\PrivateLiveWindows\Debug\link.6724.read.1.tlog
E:\working\PrivateLiveWindows\PrivateLiveWindows\Debug\link.6724.write.1.tlog
E:\working\PrivateLiveWindows\PrivateLiveWindows\Debug\link.6724-cvtres.read.1.tlog
E:\working\PrivateLiveWindows\PrivateLiveWindows\Debug\link.6724-cvtres.write.1.tlog
E:\working\PrivateLiveWindows\PrivateLiveWindows\Debug\link.6788.read.1.tlog
E:\working\PrivateLiveWindows\PrivateLiveWindows\Debug\link.6788.write.1.tlog
E:\working\PrivateLiveWindows\PrivateLiveWindows\Debug\link.6788-cvtres.read.1.tlog
E:\working\PrivateLiveWindows\PrivateLiveWindows\Debug\link.6788-cvtres.write.1.tlog
E:\working\PrivateLiveWindows\PrivateLiveWindows\Debug\link.6816.read.1.tlog
E:\working\PrivateLiveWindows\PrivateLiveWindows\Debug\link.6816.write.1.tlog
E:\working\PrivateLiveWindows\PrivateLiveWindows\Debug\link.6816-cvtres.read.1.tlog
E:\working\PrivateLiveWindows\PrivateLiveWindows\Debug\link.6816-cvtres.write.1.tlog
E:\working\PrivateLiveWindows\PrivateLiveWindows\Debug\link.6900.read.1.tlog
E:\working\PrivateLiveWindows\PrivateLiveWindows\Debug\link.6900.write.1.tlog
E:\working\PrivateLiveWindows\PrivateLiveWindows\Debug\link.6900-cvtres.read.1.tlog
E:\working\PrivateLiveWindows\PrivateLiveWindows\Debug\link.6900-cvtres.write.1.tlog
E:\working\PrivateLiveWindows\PrivateLiveWindows\Debug\link.6924.read.1.tlog
E:\working\PrivateLiveWindows\PrivateLiveWindows\Debug\link.6924.write.1.tlog
E:\working\PrivateLiveWindows\PrivateLiveWindows\Debug\link.6924-cvtres.read.1.tlog
E:\working\PrivateLiveWindows\PrivateLiveWindows\Debug\link.6924-cvtres.write.1.tlog
E:\working\PrivateLiveWindows\PrivateLiveWindows\Debug\link.6948.read.1.tlog
E:\working\PrivateLiveWindows\PrivateLiveWindows\Debug\link.6948.write.1.tlog
E:\working\PrivateLiveWindows\PrivateLiveWindows\Debug\link.6948-cvtres.read.1.tlog
E:\working\PrivateLiveWindows\PrivateLiveWindows\Debug\link.6948-cvtres.write.1.tlog
E:\working\PrivateLiveWindows\PrivateLiveWindows\Debug\link.7056.read.1.tlog
E:\working\PrivateLiveWindows\PrivateLiveWindows\Debug\link.7056.write.1.tlog
E:\working\PrivateLiveWindows\PrivateLiveWindows\Debug\link.7056-cvtres.read.1.tlog
E:\working\PrivateLiveWindows\PrivateLiveWindows\Debug\link.7056-cvtres.write.1.tlog
E:\working\PrivateLiveWindows\PrivateLiveWindows\Debug\link.7076.read.1.tlog
E:\working\PrivateLiveWindows\PrivateLiveWindows\Debug\link.7076.write.1.tlog
E:\working\PrivateLiveWindows\PrivateLiveWindows\Debug\link.7076-cvtres.read.1.tlog
E:\working\PrivateLiveWindows\PrivateLiveWindows\Debug\link.7076-cvtres.write.1.tlog
E:\working\PrivateLiveWindows\PrivateLiveWindows\Debug\link.7088.read.1.tlog
E:\working\PrivateLiveWindows\PrivateLiveWindows\Debug\link.7088.write.1.tlog
E:\working\PrivateLiveWindows\PrivateLiveWindows\Debug\link.7088-cvtres.read.1.tlog
E:\working\PrivateLiveWindows\PrivateLiveWindows\Debug\link.7088-cvtres.write.1.tlog
E:\working\PrivateLiveWindows\PrivateLiveWindows\Debug\link.720.read.1.tlog
E:\working\PrivateLiveWindows\PrivateLiveWindows\Debug\link.720.write.1.tlog
E:\working\PrivateLiveWindows\PrivateLiveWindows\Debug\link.720-cvtres.read.1.tlog
E:\working\PrivateLiveWindows\PrivateLiveWindows\Debug\link.720-cvtres.write.1.tlog
E:\working\PrivateLiveWindows\PrivateLiveWindows\Debug\link.7232.read.1.tlog
E:\working\PrivateLiveWindows\PrivateLiveWindows\Debug\link.7232.write.1.tlog
E:\working\PrivateLiveWindows\PrivateLiveWindows\Debug\link.7232-cvtres.read.1.tlog
E:\working\PrivateLiveWindows\PrivateLiveWindows\Debug\link.7232-cvtres.write.1.tlog
E:\working\PrivateLiveWindows\PrivateLiveWindows\Debug\link.7248.read.1.tlog
E:\working\PrivateLiveWindows\PrivateLiveWindows\Debug\link.7248.write.1.tlog
E:\working\PrivateLiveWindows\PrivateLiveWindows\Debug\link.7248-cvtres.read.1.tlog
E:\working\PrivateLiveWindows\PrivateLiveWindows\Debug\link.7248-cvtres.write.1.tlog
E:\working\PrivateLiveWindows\PrivateLiveWindows\Debug\link.7252.read.1.tlog
E:\working\PrivateLiveWindows\PrivateLiveWindows\Debug\link.7252.write.1.tlog
E:\working\PrivateLiveWindows\PrivateLiveWindows\Debug\link.7252-cvtres.read.1.tlog
E:\working\PrivateLiveWindows\PrivateLiveWindows\Debug\link.7252-cvtres.write.1.tlog
E:\working\PrivateLiveWindows\PrivateLiveWindows\Debug\link.7272.read.1.tlog
E:\working\PrivateLiveWindows\PrivateLiveWindows\Debug\link.7272.write.1.tlog
E:\working\PrivateLiveWindows\PrivateLiveWindows\Debug\link.7272-cvtres.read.1.tlog
E:\working\PrivateLiveWindows\PrivateLiveWindows\Debug\link.7272-cvtres.write.1.tlog
E:\working\PrivateLiveWindows\PrivateLiveWindows\Debug\link.7296.read.1.tlog
E:\working\PrivateLiveWindows\PrivateLiveWindows\Debug\link.7296.write.1.tlog
E:\working\PrivateLiveWindows\PrivateLiveWindows\Debug\link.7296-cvtres.read.1.tlog
E:\working\PrivateLiveWindows\PrivateLiveWindows\Debug\link.7296-cvtres.write.1.tlog
E:\working\PrivateLiveWindows\PrivateLiveWindows\Debug\link.7308.read.1.tlog
E:\working\PrivateLiveWindows\PrivateLiveWindows\Debug\link.7308.write.1.tlog
E:\working\PrivateLiveWindows\PrivateLiveWindows\Debug\link.7308-cvtres.read.1.tlog
E:\working\PrivateLiveWindows\PrivateLiveWindows\Debug\link.7308-cvtres.write.1.tlog
E:\working\PrivateLiveWindows\PrivateLiveWindows\Debug\link.7328.read.1.tlog
E:\working\PrivateLiveWindows\PrivateLiveWindows\Debug\link.7328.write.1.tlog
E:\working\PrivateLiveWindows\PrivateLiveWindows\Debug\link.7328-cvtres.read.1.tlog
E:\working\PrivateLiveWindows\PrivateLiveWindows\Debug\link.7328-cvtres.write.1.tlog
E:\working\PrivateLiveWindows\PrivateLiveWindows\Debug\link.7348.read.1.tlog
E:\working\PrivateLiveWindows\PrivateLiveWindows\Debug\link.7348.write.1.tlog
E:\working\PrivateLiveWindows\PrivateLiveWindows\Debug\link.7348-cvtres.read.1.tlog
E:\working\PrivateLiveWindows\PrivateLiveWindows\Debug\link.7348-cvtres.write.1.tlog
E:\working\PrivateLiveWindows\PrivateLiveWindows\Debug\link.7356.read.1.tlog
E:\working\PrivateLiveWindows\PrivateLiveWindows\Debug\link.7356.write.1.tlog
E:\working\PrivateLiveWindows\PrivateLiveWindows\Debug\link.7356-cvtres.read.1.tlog
E:\working\PrivateLiveWindows\PrivateLiveWindows\Debug\link.7356-cvtres.write.1.tlog
E:\working\PrivateLiveWindows\PrivateLiveWindows\Debug\link.7388.read.1.tlog
E:\working\PrivateLiveWindows\PrivateLiveWindows\Debug\link.7388.write.1.tlog
E:\working\PrivateLiveWindows\PrivateLiveWindows\Debug\link.7388-cvtres.read.1.tlog
E:\working\PrivateLiveWindows\PrivateLiveWindows\Debug\link.7388-cvtres.write.1.tlog
E:\working\PrivateLiveWindows\PrivateLiveWindows\Debug\link.7468.read.1.tlog
E:\working\PrivateLiveWindows\PrivateLiveWindows\Debug\link.7468.write.1.tlog
E:\working\PrivateLiveWindows\PrivateLiveWindows\Debug\link.7468-cvtres.read.1.tlog
E:\working\PrivateLiveWindows\PrivateLiveWindows\Debug\link.7468-cvtres.write.1.tlog
E:\working\PrivateLiveWindows\PrivateLiveWindows\Debug\link.7520.read.1.tlog
E:\working\PrivateLiveWindows\PrivateLiveWindows\Debug\link.7520.write.1.tlog
E:\working\PrivateLiveWindows\PrivateLiveWindows\Debug\link.7520-cvtres.read.1.tlog
E:\working\PrivateLiveWindows\PrivateLiveWindows\Debug\link.7520-cvtres.write.1.tlog
E:\working\PrivateLiveWindows\PrivateLiveWindows\Debug\link.7540.read.1.tlog
E:\working\PrivateLiveWindows\PrivateLiveWindows\Debug\link.7540.write.1.tlog
E:\working\PrivateLiveWindows\PrivateLiveWindows\Debug\link.7540-cvtres.read.1.tlog
E:\working\PrivateLiveWindows\PrivateLiveWindows\Debug\link.7540-cvtres.write.1.tlog
E:\working\PrivateLiveWindows\PrivateLiveWindows\Debug\link.7604.read.1.tlog
E:\working\PrivateLiveWindows\PrivateLiveWindows\Debug\link.7604.write.1.tlog
E:\working\PrivateLiveWindows\PrivateLiveWindows\Debug\link.7604-cvtres.read.1.tlog
E:\working\PrivateLiveWindows\PrivateLiveWindows\Debug\link.7604-cvtres.write.1.tlog
E:\working\PrivateLiveWindows\PrivateLiveWindows\Debug\link.7628.read.1.tlog
E:\working\PrivateLiveWindows\PrivateLiveWindows\Debug\link.7628.write.1.tlog
E:\working\PrivateLiveWindows\PrivateLiveWindows\Debug\link.7628-cvtres.read.1.tlog
E:\working\PrivateLiveWindows\PrivateLiveWindows\Debug\link.7628-cvtres.write.1.tlog
E:\working\PrivateLiveWindows\PrivateLiveWindows\Debug\link.7664.read.1.tlog
E:\working\PrivateLiveWindows\PrivateLiveWindows\Debug\link.7664.write.1.tlog
E:\working\PrivateLiveWindows\PrivateLiveWindows\Debug\link.7664-cvtres.read.1.tlog
E:\working\PrivateLiveWindows\PrivateLiveWindows\Debug\link.7664-cvtres.write.1.tlog
E:\working\PrivateLiveWindows\PrivateLiveWindows\Debug\link.7668.read.1.tlog
E:\working\PrivateLiveWindows\PrivateLiveWindows\Debug\link.7668.write.1.tlog
E:\working\PrivateLiveWindows\PrivateLiveWindows\Debug\link.7668-cvtres.read.1.tlog
E:\working\PrivateLiveWindows\PrivateLiveWindows\Debug\link.7668-cvtres.write.1.tlog
E:\working\PrivateLiveWindows\PrivateLiveWindows\Debug\link.7688.read.1.tlog
E:\working\PrivateLiveWindows\PrivateLiveWindows\Debug\link.7688.write.1.tlog
E:\working\PrivateLiveWindows\PrivateLiveWindows\Debug\link.7688-cvtres.read.1.tlog
E:\working\PrivateLiveWindows\PrivateLiveWindows\Debug\link.7688-cvtres.write.1.tlog
E:\working\PrivateLiveWindows\PrivateLiveWindows\Debug\link.7712.read.1.tlog
E:\working\PrivateLiveWindows\PrivateLiveWindows\Debug\link.7712.write.1.tlog
E:\working\PrivateLiveWindows\PrivateLiveWindows\Debug\link.7712-cvtres.read.1.tlog
E:\working\PrivateLiveWindows\PrivateLiveWindows\Debug\link.7712-cvtres.write.1.tlog
E:\working\PrivateLiveWindows\PrivateLiveWindows\Debug\link.7716.read.1.tlog
E:\working\PrivateLiveWindows\PrivateLiveWindows\Debug\link.7716.write.1.tlog
E:\working\PrivateLiveWindows\PrivateLiveWindows\Debug\link.7716-cvtres.read.1.tlog
E:\working\PrivateLiveWindows\PrivateLiveWindows\Debug\link.7716-cvtres.write.1.tlog
E:\working\PrivateLiveWindows\PrivateLiveWindows\Debug\link.7756.read.1.tlog
E:\working\PrivateLiveWindows\PrivateLiveWindows\Debug\link.7756.write.1.tlog
E:\working\PrivateLiveWindows\PrivateLiveWindows\Debug\link.7756-cvtres.read.1.tlog
E:\working\PrivateLiveWindows\PrivateLiveWindows\Debug\link.7756-cvtres.write.1.tlog
E:\working\PrivateLiveWindows\PrivateLiveWindows\Debug\link.7812.read.1.tlog
E:\working\PrivateLiveWindows\PrivateLiveWindows\Debug\link.7812.write.1.tlog
E:\working\PrivateLiveWindows\PrivateLiveWindows\Debug\link.7812-cvtres.read.1.tlog
E:\working\PrivateLiveWindows\PrivateLiveWindows\Debug\link.7812-cvtres.write.1.tlog
E:\working\PrivateLiveWindows\PrivateLiveWindows\Debug\link.7832.read.1.tlog
E:\working\PrivateLiveWindows\PrivateLiveWindows\Debug\link.7832.write.1.tlog
E:\working\PrivateLiveWindows\PrivateLiveWindows\Debug\link.7832-cvtres.read.1.tlog
E:\working\PrivateLiveWindows\PrivateLiveWindows\Debug\link.7832-cvtres.write.1.tlog
E:\working\PrivateLiveWindows\PrivateLiveWindows\Debug\link.7856.read.1.tlog
E:\working\PrivateLiveWindows\PrivateLiveWindows\Debug\link.7856.write.1.tlog
E:\working\PrivateLiveWindows\PrivateLiveWindows\Debug\link.7856-cvtres.read.1.tlog
E:\working\PrivateLiveWindows\PrivateLiveWindows\Debug\link.7856-cvtres.write.1.tlog
E:\working\PrivateLiveWindows\PrivateLiveWindows\Debug\link.7888.read.1.tlog
E:\working\PrivateLiveWindows\PrivateLiveWindows\Debug\link.7888.write.1.tlog
E:\working\PrivateLiveWindows\PrivateLiveWindows\Debug\link.7888-cvtres.read.1.tlog
E:\working\PrivateLiveWindows\PrivateLiveWindows\Debug\link.7888-cvtres.write.1.tlog
E:\working\PrivateLiveWindows\PrivateLiveWindows\Debug\link.7896.read.1.tlog
E:\working\PrivateLiveWindows\PrivateLiveWindows\Debug\link.7896.write.1.tlog
E:\working\PrivateLiveWindows\PrivateLiveWindows\Debug\link.7896-cvtres.read.1.tlog
E:\working\PrivateLiveWindows\PrivateLiveWindows\Debug\link.7896-cvtres.write.1.tlog
E:\working\PrivateLiveWindows\PrivateLiveWindows\Debug\link.7904.read.1.tlog
E:\working\PrivateLiveWindows\PrivateLiveWindows\Debug\link.7904.write.1.tlog
E:\working\PrivateLiveWindows\PrivateLiveWindows\Debug\link.7904-cvtres.read.1.tlog
E:\working\PrivateLiveWindows\PrivateLiveWindows\Debug\link.7904-cvtres.write.1.tlog
E:\working\PrivateLiveWindows\PrivateLiveWindows\Debug\link.7976.read.1.tlog
E:\working\PrivateLiveWindows\PrivateLiveWindows\Debug\link.7976.write.1.tlog
E:\working\PrivateLiveWindows\PrivateLiveWindows\Debug\link.7976-cvtres.read.1.tlog
E:\working\PrivateLiveWindows\PrivateLiveWindows\Debug\link.7976-cvtres.write.1.tlog
E:\working\PrivateLiveWindows\PrivateLiveWindows\Debug\link.7984.read.1.tlog
E:\working\PrivateLiveWindows\PrivateLiveWindows\Debug\link.7984.write.1.tlog
E:\working\PrivateLiveWindows\PrivateLiveWindows\Debug\link.7984-cvtres.read.1.tlog
E:\working\PrivateLiveWindows\PrivateLiveWindows\Debug\link.7984-cvtres.write.1.tlog
E:\working\PrivateLiveWindows\PrivateLiveWindows\Debug\link.7988.read.1.tlog
E:\working\PrivateLiveWindows\PrivateLiveWindows\Debug\link.7988.write.1.tlog
E:\working\PrivateLiveWindows\PrivateLiveWindows\Debug\link.7988-cvtres.read.1.tlog
E:\working\PrivateLiveWindows\PrivateLiveWindows\Debug\link.7988-cvtres.write.1.tlog
E:\working\PrivateLiveWindows\PrivateLiveWindows\Debug\link.8000.read.1.tlog
E:\working\PrivateLiveWindows\PrivateLiveWindows\Debug\link.8000.write.1.tlog
E:\working\PrivateLiveWindows\PrivateLiveWindows\Debug\link.8000-cvtres.read.1.tlog
E:\working\PrivateLiveWindows\PrivateLiveWindows\Debug\link.8000-cvtres.write.1.tlog
E:\working\PrivateLiveWindows\PrivateLiveWindows\Debug\link.8052.read.1.tlog
E:\working\PrivateLiveWindows\PrivateLiveWindows\Debug\link.8052.write.1.tlog
E:\working\PrivateLiveWindows\PrivateLiveWindows\Debug\link.8052-cvtres.read.1.tlog
E:\working\PrivateLiveWindows\PrivateLiveWindows\Debug\link.8052-cvtres.write.1.tlog
E:\working\PrivateLiveWindows\PrivateLiveWindows\Debug\link.8172.read.1.tlog
E:\working\PrivateLiveWindows\PrivateLiveWindows\Debug\link.8172.write.1.tlog
E:\working\PrivateLiveWindows\PrivateLiveWindows\Debug\link.8172-cvtres.read.1.tlog
E:\working\PrivateLiveWindows\PrivateLiveWindows\Debug\link.8172-cvtres.write.1.tlog
E:\working\PrivateLiveWindows\PrivateLiveWindows\Debug\link.8268.read.1.tlog
E:\working\PrivateLiveWindows\PrivateLiveWindows\Debug\link.8268.write.1.tlog
E:\working\PrivateLiveWindows\PrivateLiveWindows\Debug\link.8268-cvtres.read.1.tlog
E:\working\PrivateLiveWindows\PrivateLiveWindows\Debug\link.8268-cvtres.write.1.tlog
E:\working\PrivateLiveWindows\PrivateLiveWindows\Debug\link.8292.read.1.tlog
E:\working\PrivateLiveWindows\PrivateLiveWindows\Debug\link.8292.write.1.tlog
E:\working\PrivateLiveWindows\PrivateLiveWindows\Debug\link.8292-cvtres.read.1.tlog
E:\working\PrivateLiveWindows\PrivateLiveWindows\Debug\link.8292-cvtres.write.1.tlog
E:\working\PrivateLiveWindows\PrivateLiveWindows\Debug\link.8332.read.1.tlog
E:\working\PrivateLiveWindows\PrivateLiveWindows\Debug\link.8332.write.1.tlog
E:\working\PrivateLiveWindows\PrivateLiveWindows\Debug\link.8332-cvtres.read.1.tlog
E:\working\PrivateLiveWindows\PrivateLiveWindows\Debug\link.8332-cvtres.write.1.tlog
E:\working\PrivateLiveWindows\PrivateLiveWindows\Debug\link.8344.read.1.tlog
E:\working\PrivateLiveWindows\PrivateLiveWindows\Debug\link.8344.write.1.tlog
E:\working\PrivateLiveWindows\PrivateLiveWindows\Debug\link.8344-cvtres.read.1.tlog
E:\working\PrivateLiveWindows\PrivateLiveWindows\Debug\link.8344-cvtres.write.1.tlog
E:\working\PrivateLiveWindows\PrivateLiveWindows\Debug\link.8600.read.1.tlog
E:\working\PrivateLiveWindows\PrivateLiveWindows\Debug\link.8600.write.1.tlog
E:\working\PrivateLiveWindows\PrivateLiveWindows\Debug\link.8600-cvtres.read.1.tlog
E:\working\PrivateLiveWindows\PrivateLiveWindows\Debug\link.8600-cvtres.write.1.tlog
E:\working\PrivateLiveWindows\PrivateLiveWindows\Debug\link.8608.read.1.tlog
E:\working\PrivateLiveWindows\PrivateLiveWindows\Debug\link.8608.write.1.tlog
E:\working\PrivateLiveWindows\PrivateLiveWindows\Debug\link.8608-cvtres.read.1.tlog
E:\working\PrivateLiveWindows\PrivateLiveWindows\Debug\link.8608-cvtres.write.1.tlog
E:\working\PrivateLiveWindows\PrivateLiveWindows\Debug\link.8700.read.1.tlog
E:\working\PrivateLiveWindows\PrivateLiveWindows\Debug\link.8700.write.1.tlog
E:\working\PrivateLiveWindows\PrivateLiveWindows\Debug\link.8700-cvtres.read.1.tlog
E:\working\PrivateLiveWindows\PrivateLiveWindows\Debug\link.8700-cvtres.write.1.tlog
E:\working\PrivateLiveWindows\PrivateLiveWindows\Debug\link.8788.read.1.tlog
E:\working\PrivateLiveWindows\PrivateLiveWindows\Debug\link.8788.write.1.tlog
E:\working\PrivateLiveWindows\PrivateLiveWindows\Debug\link.8788-cvtres.read.1.tlog
E:\working\PrivateLiveWindows\PrivateLiveWindows\Debug\link.8788-cvtres.write.1.tlog
E:\working\PrivateLiveWindows\PrivateLiveWindows\Debug\link.8836.read.1.tlog
E:\working\PrivateLiveWindows\PrivateLiveWindows\Debug\link.8836.write.1.tlog
E:\working\PrivateLiveWindows\PrivateLiveWindows\Debug\link.8836-cvtres.read.1.tlog
E:\working\PrivateLiveWindows\PrivateLiveWindows\Debug\link.8836-cvtres.write.1.tlog
E:\working\PrivateLiveWindows\PrivateLiveWindows\Debug\link.8844.read.1.tlog
E:\working\PrivateLiveWindows\PrivateLiveWindows\Debug\link.8844.write.1.tlog
E:\working\PrivateLiveWindows\PrivateLiveWindows\Debug\link.8844-cvtres.read.1.tlog
E:\working\PrivateLiveWindows\PrivateLiveWindows\Debug\link.8844-cvtres.write.1.tlog
E:\working\PrivateLiveWindows\PrivateLiveWindows\Debug\link.8972.read.1.tlog
E:\working\PrivateLiveWindows\PrivateLiveWindows\Debug\link.8972.write.1.tlog
E:\working\PrivateLiveWindows\PrivateLiveWindows\Debug\link.8972-cvtres.read.1.tlog
E:\working\PrivateLiveWindows\PrivateLiveWindows\Debug\link.8972-cvtres.write.1.tlog
E:\working\PrivateLiveWindows\PrivateLiveWindows\Debug\link.9100.read.1.tlog
E:\working\PrivateLiveWindows\PrivateLiveWindows\Debug\link.9100.write.1.tlog
E:\working\PrivateLiveWindows\PrivateLiveWindows\Debug\link.9100-cvtres.read.1.tlog
E:\working\PrivateLiveWindows\PrivateLiveWindows\Debug\link.9100-cvtres.write.1.tlog
E:\working\PrivateLiveWindows\PrivateLiveWindows\Debug\link.9220.read.1.tlog
E:\working\PrivateLiveWindows\PrivateLiveWindows\Debug\link.9220.write.1.tlog
E:\working\PrivateLiveWindows\PrivateLiveWindows\Debug\link.9220-cvtres.read.1.tlog
E:\working\PrivateLiveWindows\PrivateLiveWindows\Debug\link.9220-cvtres.write.1.tlog
E:\working\PrivateLiveWindows\PrivateLiveWindows\Debug\link.9468.read.1.tlog
E:\working\PrivateLiveWindows\PrivateLiveWindows\Debug\link.9468.write.1.tlog
E:\working\PrivateLiveWindows\PrivateLiveWindows\Debug\link.9468-cvtres.read.1.tlog
E:\working\PrivateLiveWindows\PrivateLiveWindows\Debug\link.9468-cvtres.write.1.tlog
E:\working\PrivateLiveWindows\PrivateLiveWindows\Debug\link.9532.read.1.tlog
E:\working\PrivateLiveWindows\PrivateLiveWindows\Debug\link.9532.write.1.tlog
E:\working\PrivateLiveWindows\PrivateLiveWindows\Debug\link.9532-cvtres.read.1.tlog
E:\working\PrivateLiveWindows\PrivateLiveWindows\Debug\link.9532-cvtres.write.1.tlog
E:\working\PrivateLiveWindows\PrivateLiveWindows\Debug\link.9720.read.1.tlog
E:\working\PrivateLiveWindows\PrivateLiveWindows\Debug\link.9720.write.1.tlog
E:\working\PrivateLiveWindows\PrivateLiveWindows\Debug\link.9720-cvtres.read.1.tlog
E:\working\PrivateLiveWindows\PrivateLiveWindows\Debug\link.9720-cvtres.write.1.tlog
E:\working\PrivateLiveWindows\PrivateLiveWindows\Debug\link.9772.read.1.tlog
E:\working\PrivateLiveWindows\PrivateLiveWindows\Debug\link.9772.write.1.tlog
E:\working\PrivateLiveWindows\PrivateLiveWindows\Debug\link.9772-cvtres.read.1.tlog
E:\working\PrivateLiveWindows\PrivateLiveWindows\Debug\link.9772-cvtres.write.1.tlog
E:\working\PrivateLiveWindows\PrivateLiveWindows\Debug\link.9820.read.1.tlog
E:\working\PrivateLiveWindows\PrivateLiveWindows\Debug\link.9820.write.1.tlog
E:\working\PrivateLiveWindows\PrivateLiveWindows\Debug\link.9820-cvtres.read.1.tlog
E:\working\PrivateLiveWindows\PrivateLiveWindows\Debug\link.9820-cvtres.write.1.tlog
E:\working\PrivateLiveWindows\PrivateLiveWindows\Debug\link.9884.read.1.tlog
E:\working\PrivateLiveWindows\PrivateLiveWindows\Debug\link.9884.write.1.tlog
E:\working\PrivateLiveWindows\PrivateLiveWindows\Debug\link.9884-cvtres.read.1.tlog
E:\working\PrivateLiveWindows\PrivateLiveWindows\Debug\link.9884-cvtres.write.1.tlog
E:\working\PrivateLiveWindows\PrivateLiveWindows\Debug\link.command.1.tlog
E:\working\PrivateLiveWindows\PrivateLiveWindows\Debug\link.read.1.tlog
E:\working\PrivateLiveWindows\PrivateLiveWindows\Debug\link.write.1.tlog
E:\working\PrivateLiveWindows\PrivateLiveWindows\Debug\mt.command.1.tlog
E:\working\PrivateLiveWindows\PrivateLiveWindows\Debug\mt.read.1.tlog
E:\working\PrivateLiveWindows\PrivateLiveWindows\Debug\mt.write.1.tlog
E:\WORKING\PRIVATELIVEWINDOWS\PRIVATELIVEWINDOWS\DEBUG\PRIVATELIVEWINDOWS.EXE
E:\WORKING\PRIVATELIVEWINDOWS\PRIVATELIVEWINDOWS\DEBUG\PRIVATELIVEWINDOWS.EXE.INTERMEDIATE.MANIFEST
E:\WORKING\PRIVATELIVEWINDOWS\PRIVATELIVEWINDOWS\DEBUG\PRIVATELIVEWINDOWS.FORM1.RESOURCES
E:\WORKING\PRIVATELIVEWINDOWS\PRIVATELIVEWINDOWS\DEBUG\PRIVATELIVEWINDOWS.ILK
E:\WORKING\PRIVATELIVEWINDOWS\PRIVATELIVEWINDOWS\DEBUG\PRIVATELIVEWINDOWS.OBJ
E:\WORKING\PRIVATELIVEWINDOWS\PRIVATELIVEWINDOWS\DEBUG\PRIVATELIVEWINDOWS.PCH
E:\WORKING\PRIVATELIVEWINDOWS\PRIVATELIVEWINDOWS\DEBUG\PRIVATELIVEWINDOWS.PDB
E:\working\PrivateLiveWindows\PrivateLiveWindows\Debug\PrivateLiveWindows.write.1.tlog
E:\working\PrivateLiveWindows\PrivateLiveWindows\Debug\rc.command.1.tlog
E:\working\PrivateLiveWindows\PrivateLiveWindows\Debug\rc.read.1.tlog
E:\working\PrivateLiveWindows\PrivateLiveWindows\Debug\rc.write.1.tlog
E:\WORKING\PRIVATELIVEWINDOWS\PRIVATELIVEWINDOWS\DEBUG\STDAFX.OBJ
E:\WORKING\PRIVATELIVEWINDOWS\PRIVATELIVEWINDOWS\DEBUG\VC100.PDB
