Build started 7/17/2015 9:14:03 PM.
     1>Project "E:\working\PrivateLiveWindows\PrivateLiveWindows\PrivateLiveWindows.vcxproj" on node 2 (build target(s)).
     1>InitializeBuildStatus:
         Creating "Debug\PrivateLiveWindows.unsuccessfulbuild" because "AlwaysCreate" was specified.
       GenerateTargetFrameworkMonikerAttribute:
       Skipping target "GenerateTargetFrameworkMonikerAttribute" because all output files are up-to-date with respect to the input files.
       ClCompile:
         All outputs are up-to-date.
         C:\Program Files\Microsoft Visual Studio 10.0\VC\bin\CL.exe /c /IE:\working\player\ffmpeg\include /IE:\learn\AES\include\openssl /IE:\learn\AES\include /IE:\working\player\miscdependencies\include /IE:\working\player\sdl_1.2\include /I"E:\working\player\Pre-built.2\include" /AI"C:\Program Files\Reference Assemblies\Microsoft\Framework\.NETFramework\v4.0" /Zi /clr /nologo /W3 /WX- /Od /Oy- /D WIN32 /D _DEBUG /D _UNICODE /D UNICODE /EHa /MDd /GS /fp:precise /Zc:wchar_t /Zc:forScope /Yu"StdAfx.h" /Fp"Debug\PrivateLiveWindows.pch" /Fo"Debug\\" /Fd"Debug\vc100.pdb" /Gd /TP /FU"C:\Program Files\Reference Assemblies\Microsoft\Framework\.NETFramework\v4.0\System.Core.dll" /FU"C:\Program Files\Reference Assemblies\Microsoft\Framework\.NETFramework\v4.0\System.Data.dll" /FU"C:\Program Files\Reference Assemblies\Microsoft\Framework\.NETFramework\v4.0\System.DirectoryServices.dll" /FU"C:\Program Files\Reference Assemblies\Microsoft\Framework\.NETFramework\v4.0\System.dll" /FU"C:\Program Files\Reference Assemblies\Microsoft\Framework\.NETFramework\v4.0\System.Drawing.dll" /FU"C:\Program Files\Reference Assemblies\Microsoft\Framework\.NETFramework\v4.0\System.Windows.Forms.dll" /FU"C:\Program Files\Reference Assemblies\Microsoft\Framework\.NETFramework\v4.0\System.Xml.dll" /analyze- /errorReport:prompt PrivateLiveWindows.cpp /clr:nostdlib 
         PrivateLiveWindows.cpp
     1>e:\working\player\ffmpeg\include\libavutil\mem.h(228): warning C4141: 'inline' : used more than once
     1>e:\working\privatelivewindows\privatelivewindows\Form1.h(452): warning C4996: 'strncpy': This function or variable may be unsafe. Consider using strncpy_s instead. To disable deprecation, use _CRT_SECURE_NO_WARNINGS. See online help for details.
                 C:\Program Files\Microsoft Visual Studio 10.0\VC\include\string.h(188) : see declaration of 'strncpy'
     1>e:\working\privatelivewindows\privatelivewindows\Form1.h(460): warning C4996: 'strncpy': This function or variable may be unsafe. Consider using strncpy_s instead. To disable deprecation, use _CRT_SECURE_NO_WARNINGS. See online help for details.
                 C:\Program Files\Microsoft Visual Studio 10.0\VC\include\string.h(188) : see declaration of 'strncpy'
     1>e:\working\privatelivewindows\privatelivewindows\Form1.h(466): warning C4101: 'aligned_buffer_size' : unreferenced local variable
     1>e:\working\privatelivewindows\privatelivewindows\Form1.h(505): warning C4101: 'aligned_buffer_size' : unreferenced local variable
     1>e:\working\privatelivewindows\privatelivewindows\Form1.h(1279): warning C4244: '=' : conversion from 'double' to 'float', possible loss of data
     1>e:\working\privatelivewindows\privatelivewindows\Form1.h(1325): warning C4018: '<' : signed/unsigned mismatch
     1>e:\working\privatelivewindows\privatelivewindows\Form1.h(1375): warning C4244: '-=' : conversion from 'int64_t' to 'int', possible loss of data
     1>e:\working\privatelivewindows\privatelivewindows\Form1.h(1461): warning C4244: '=' : conversion from 'double' to 'FFTSample', possible loss of data
     1>e:\working\privatelivewindows\privatelivewindows\Form1.h(1472): warning C4244: 'initializing' : conversion from 'double' to 'int', possible loss of data
     1>e:\working\privatelivewindows\privatelivewindows\Form1.h(1474): warning C4244: 'initializing' : conversion from 'double' to 'int', possible loss of data
     1>e:\working\privatelivewindows\privatelivewindows\Form1.h(1570): warning C4996: 'sprintf': This function or variable may be unsafe. Consider using sprintf_s instead. To disable deprecation, use _CRT_SECURE_NO_WARNINGS. See online help for details.
                 C:\Program Files\Microsoft Visual Studio 10.0\VC\include\stdio.h(371) : see declaration of 'sprintf'
     1>e:\working\privatelivewindows\privatelivewindows\Form1.h(1651): warning C4244: 'argument' : conversion from 'double' to 'float', possible loss of data
     1>e:\working\privatelivewindows\privatelivewindows\Form1.h(1651): warning C4244: 'argument' : conversion from 'double' to 'float', possible loss of data
     1>e:\working\privatelivewindows\privatelivewindows\Form1.h(1760): warning C4244: 'argument' : conversion from 'double' to 'float', possible loss of data
     1>e:\working\privatelivewindows\privatelivewindows\Form1.h(1779): warning C4244: 'argument' : conversion from 'double' to 'float', possible loss of data
     1>e:\working\privatelivewindows\privatelivewindows\Form1.h(1859): warning C4244: 'argument' : conversion from 'double' to 'float', possible loss of data
     1>e:\working\privatelivewindows\privatelivewindows\Form1.h(2102): warning C4244: 'argument' : conversion from 'double' to 'float', possible loss of data
     1>e:\working\privatelivewindows\privatelivewindows\Form1.h(2151): warning C4018: '<' : signed/unsigned mismatch
     1>e:\working\privatelivewindows\privatelivewindows\Form1.h(2187): warning C4996: 'sprintf': This function or variable may be unsafe. Consider using sprintf_s instead. To disable deprecation, use _CRT_SECURE_NO_WARNINGS. See online help for details.
                 C:\Program Files\Microsoft Visual Studio 10.0\VC\include\stdio.h(371) : see declaration of 'sprintf'
     1>e:\working\privatelivewindows\privatelivewindows\Form1.h(2300): warning C4996: 'sprintf': This function or variable may be unsafe. Consider using sprintf_s instead. To disable deprecation, use _CRT_SECURE_NO_WARNINGS. See online help for details.
                 C:\Program Files\Microsoft Visual Studio 10.0\VC\include\stdio.h(371) : see declaration of 'sprintf'
     1>e:\working\privatelivewindows\privatelivewindows\Form1.h(2304): warning C4996: 'sprintf': This function or variable may be unsafe. Consider using sprintf_s instead. To disable deprecation, use _CRT_SECURE_NO_WARNINGS. See online help for details.
                 C:\Program Files\Microsoft Visual Studio 10.0\VC\include\stdio.h(371) : see declaration of 'sprintf'
     1>e:\working\privatelivewindows\privatelivewindows\Form1.h(2581): warning C4018: '<' : signed/unsigned mismatch
     1>e:\working\privatelivewindows\privatelivewindows\Form1.h(2564): warning C4101: 'v' : unreferenced local variable
     1>e:\working\privatelivewindows\privatelivewindows\Form1.h(2564): warning C4101: 'a' : unreferenced local variable
     1>e:\working\privatelivewindows\privatelivewindows\Form1.h(2564): warning C4101: 'y' : unreferenced local variable
     1>e:\working\privatelivewindows\privatelivewindows\Form1.h(2564): warning C4101: 'u' : unreferenced local variable
     1>e:\working\privatelivewindows\privatelivewindows\Form1.h(2564): warning C4101: 'b' : unreferenced local variable
     1>e:\working\privatelivewindows\privatelivewindows\Form1.h(2564): warning C4101: 'g' : unreferenced local variable
     1>e:\working\privatelivewindows\privatelivewindows\Form1.h(2564): warning C4101: 'r' : unreferenced local variable
     1>e:\working\privatelivewindows\privatelivewindows\Form1.h(2636): warning C4244: 'argument' : conversion from 'double' to 'float', possible loss of data
     1>e:\working\privatelivewindows\privatelivewindows\Form1.h(2761): warning C4244: 'argument' : conversion from 'double' to 'float', possible loss of data
     1>e:\working\privatelivewindows\privatelivewindows\Form1.h(2787): warning C4018: '>=' : signed/unsigned mismatch
     1>e:\working\privatelivewindows\privatelivewindows\Form1.h(2810): warning C4244: 'argument' : conversion from 'double' to 'float', possible loss of data
     1>e:\working\privatelivewindows\privatelivewindows\Form1.h(2903): warning C4018: '>=' : signed/unsigned mismatch
     1>e:\working\privatelivewindows\privatelivewindows\Form1.h(2896): warning C4101: 'opts' : unreferenced local variable
     1>e:\working\privatelivewindows\privatelivewindows\Form1.h(3040): warning C4018: '>=' : signed/unsigned mismatch
     1>e:\working\privatelivewindows\privatelivewindows\Form1.h(3239): warning C4018: '<' : signed/unsigned mismatch
     1>e:\working\privatelivewindows\privatelivewindows\Form1.h(3151): warning C4101: 'index' : unreferenced local variable
     1>e:\working\privatelivewindows\privatelivewindows\Form1.h(3147): warning C4101: 'opts' : unreferenced local variable
     1>e:\working\privatelivewindows\privatelivewindows\Form1.h(3643): warning C4244: 'argument' : conversion from 'int64_t' to 'unsigned int', possible loss of data
     1>e:\working\privatelivewindows\privatelivewindows\Form1.h(3666): warning C4244: 'argument' : conversion from 'int64_t' to 'unsigned int', possible loss of data
     1>e:\working\privatelivewindows\privatelivewindows\Form1.h(3676): warning C4244: 'initializing' : conversion from 'double' to 'int64_t', possible loss of data
     1>e:\working\privatelivewindows\privatelivewindows\Form1.h(3677): warning C4101: 'i' : unreferenced local variable
     1>e:\working\privatelivewindows\privatelivewindows\Form1.h(3742): warning C4244: 'argument' : conversion from 'double' to 'float', possible loss of data
     1>e:\working\privatelivewindows\privatelivewindows\Form1.h(3711): warning C4101: 'frac' : unreferenced local variable
     1>e:\working\privatelivewindows\privatelivewindows\Form1.h(3717): warning C4101: 'x' : unreferenced local variable
     1>e:\working\privatelivewindows\privatelivewindows\Form1.h(4078): warning C4018: '<' : signed/unsigned mismatch
     1>e:\working\privatelivewindows\privatelivewindows\Form1.h(4171): warning C4244: '=' : conversion from 'int64_t' to 'int', possible loss of data
     1>e:\working\privatelivewindows\privatelivewindows\Form1.h(4188): warning C4244: '=' : conversion from 'int64_t' to 'int', possible loss of data
     1>e:\working\privatelivewindows\privatelivewindows\Form1.h(4039): warning C4101: 'rect' : unreferenced local variable
     1>e:\working\privatelivewindows\privatelivewindows\Form1.h(4046): warning C4101: 'index' : unreferenced local variable
     1>e:\working\privatelivewindows\privatelivewindows\Form1.h(4035): warning C4101: 'out_buffer' : unreferenced local variable
     1>e:\working\privatelivewindows\privatelivewindows\Form1.h(4033): warning C4101: 'pCodec' : unreferenced local variable
     1>e:\working\privatelivewindows\privatelivewindows\Form1.h(4051): warning C4101: 'got_picture' : unreferenced local variable
     1>e:\working\privatelivewindows\privatelivewindows\Form1.h(4911): warning C4996: 'sprintf': This function or variable may be unsafe. Consider using sprintf_s instead. To disable deprecation, use _CRT_SECURE_NO_WARNINGS. See online help for details.
                 C:\Program Files\Microsoft Visual Studio 10.0\VC\include\stdio.h(371) : see declaration of 'sprintf'
     1>e:\working\privatelivewindows\privatelivewindows\Form1.h(4974): warning C4996: 'strncpy': This function or variable may be unsafe. Consider using strncpy_s instead. To disable deprecation, use _CRT_SECURE_NO_WARNINGS. See online help for details.
                 C:\Program Files\Microsoft Visual Studio 10.0\VC\include\string.h(188) : see declaration of 'strncpy'
     1>e:\working\privatelivewindows\privatelivewindows\Form1.h(4976): warning C4996: 'strcat': This function or variable may be unsafe. Consider using strcat_s instead. To disable deprecation, use _CRT_SECURE_NO_WARNINGS. See online help for details.
                 C:\Program Files\Microsoft Visual Studio 10.0\VC\include\string.h(110) : see declaration of 'strcat'
     1>e:\working\privatelivewindows\privatelivewindows\Form1.h(4980): warning C4996: 'strncpy': This function or variable may be unsafe. Consider using strncpy_s instead. To disable deprecation, use _CRT_SECURE_NO_WARNINGS. See online help for details.
                 C:\Program Files\Microsoft Visual Studio 10.0\VC\include\string.h(188) : see declaration of 'strncpy'
     1>e:\working\privatelivewindows\privatelivewindows\Form1.h(4982): warning C4996: 'strcat': This function or variable may be unsafe. Consider using strcat_s instead. To disable deprecation, use _CRT_SECURE_NO_WARNINGS. See online help for details.
                 C:\Program Files\Microsoft Visual Studio 10.0\VC\include\string.h(110) : see declaration of 'strcat'
     1>e:\working\privatelivewindows\privatelivewindows\Form1.h(4985): warning C4996: 'strncpy': This function or variable may be unsafe. Consider using strncpy_s instead. To disable deprecation, use _CRT_SECURE_NO_WARNINGS. See online help for details.
                 C:\Program Files\Microsoft Visual Studio 10.0\VC\include\string.h(188) : see declaration of 'strncpy'
     1>e:\working\privatelivewindows\privatelivewindows\Form1.h(4987): warning C4996: 'strcat': This function or variable may be unsafe. Consider using strcat_s instead. To disable deprecation, use _CRT_SECURE_NO_WARNINGS. See online help for details.
                 C:\Program Files\Microsoft Visual Studio 10.0\VC\include\string.h(110) : see declaration of 'strcat'
     1>e:\working\privatelivewindows\privatelivewindows\Form1.h(5031): warning C4996: 'strcpy': This function or variable may be unsafe. Consider using strcpy_s instead. To disable deprecation, use _CRT_SECURE_NO_WARNINGS. See online help for details.
                 C:\Program Files\Microsoft Visual Studio 10.0\VC\include\string.h(105) : see declaration of 'strcpy'
     1>e:\working\privatelivewindows\privatelivewindows\Form1.h(5036): warning C4996: 'strcpy': This function or variable may be unsafe. Consider using strcpy_s instead. To disable deprecation, use _CRT_SECURE_NO_WARNINGS. See online help for details.
                 C:\Program Files\Microsoft Visual Studio 10.0\VC\include\string.h(105) : see declaration of 'strcpy'
     1>e:\working\privatelivewindows\privatelivewindows\form1.h(4210): warning C4715: 'convert_file' : not all control paths return a value
         All outputs are up-to-date.
       CoreResGen:
         "C:\Program Files\Microsoft SDKs\Windows\v7.0A\bin\NETFX 4.0 Tools\resgen.exe" /useSourcePath /r:"C:\Program Files\Reference Assemblies\Microsoft\Framework\.NETFramework\v4.0\System.Core.dll" /r:"C:\Program Files\Reference Assemblies\Microsoft\Framework\.NETFramework\v4.0\System.Data.dll" /r:"C:\Program Files\Reference Assemblies\Microsoft\Framework\.NETFramework\v4.0\System.DirectoryServices.dll" /r:"C:\Program Files\Reference Assemblies\Microsoft\Framework\.NETFramework\v4.0\System.dll" /r:"C:\Program Files\Reference Assemblies\Microsoft\Framework\.NETFramework\v4.0\System.Drawing.dll" /r:"C:\Program Files\Reference Assemblies\Microsoft\Framework\.NETFramework\v4.0\System.Windows.Forms.dll" /r:"C:\Program Files\Reference Assemblies\Microsoft\Framework\.NETFramework\v4.0\System.Xml.dll" /compile Form1.resX,Debug\PrivateLiveWindows.Form1.resources
         Processing resource file "Form1.resX" into "Debug\PrivateLiveWindows.Form1.resources".
       ResourceCompile:
         All outputs are up-to-date.
       Link:
         C:\Program Files\Microsoft Visual Studio 10.0\VC\bin\link.exe /ERRORREPORT:PROMPT /OUT:"E:\working\PrivateLiveWindows\PrivateLiveWindows\Debug\PrivateLiveWindows.exe" /INCREMENTAL /NOLOGO /LIBPATH:E:\working\player\ffmpeg\lib /LIBPATH:E:\working\player\sdl_1.2\lib /LIBPATH:E:\learn\AES\lib /LIBPATH:"E:\working\player\Pre-built.2\lib\x86" avcodec.lib avdevice.lib avfilter.lib avformat.lib avutil.lib postproc.lib swresample.lib swscale.lib SDL.lib pthreadVC2.lib libeay32.lib ssleay32.lib kernel32.lib user32.lib gdi32.lib winspool.lib comdlg32.lib advapi32.lib shell32.lib ole32.lib oleaut32.lib uuid.lib odbc32.lib odbccp32.lib /ASSEMBLYRESOURCE:Debug\PrivateLiveWindows.Form1.resources /MANIFEST /ManifestFile:"Debug\PrivateLiveWindows.exe.intermediate.manifest" /MANIFESTUAC:"level='asInvoker' uiAccess='false'" /DEBUG /PDB:"E:\working\PrivateLiveWindows\PrivateLiveWindows\Debug\PrivateLiveWindows.pdb" /ASSEMBLYDEBUG /SUBSYSTEM:WINDOWS /TLBID:1 /ENTRY:"main" /DYNAMICBASE /FIXED:NO /NXCOMPAT /MACHINE:X86 Debug\app.res
         Debug\AssemblyInfo.obj
         Debug\PrivateLiveWindows.obj
         Debug\stdafx.obj
         "Debug\.NETFramework,Version=v4.0.AssemblyAttributes.obj"
     1>PrivateLiveWindows.obj : warning LNK4248: unresolved typeref token (01000032) for 'SDL_cond'; image may not run
     1>PrivateLiveWindows.obj : warning LNK4248: unresolved typeref token (0100005D) for 'SwsContext'; image may not run
     1>PrivateLiveWindows.obj : warning LNK4248: unresolved typeref token (0100005E) for 'AVDictionary'; image may not run
     1>PrivateLiveWindows.obj : warning LNK4248: unresolved typeref token (01000061) for 'SDL_mutex'; image may not run
     1>PrivateLiveWindows.obj : warning LNK4248: unresolved typeref token (01000063) for 'SDL_Thread'; image may not run
     1>PrivateLiveWindows.obj : warning LNK4248: unresolved typeref token (01000064) for 'SwrContext'; image may not run
     1>PrivateLiveWindows.obj : warning LNK4248: unresolved typeref token (01000066) for 'RDFTContext'; image may not run
         PrivateLiveWindows.vcxproj -> E:\working\PrivateLiveWindows\PrivateLiveWindows\Debug\PrivateLiveWindows.exe
       Manifest:
         C:\Program Files\Microsoft SDKs\Windows\v7.0A\bin\mt.exe /nologo /verbose /outputresource:"E:\working\PrivateLiveWindows\PrivateLiveWindows\Debug\PrivateLiveWindows.exe;#1" /manifest Debug\PrivateLiveWindows.exe.intermediate.manifest
       FinalizeBuildStatus:
         Deleting file "Debug\PrivateLiveWindows.unsuccessfulbuild".
         Touching "Debug\PrivateLiveWindows.lastbuildstate".
     1>Done Building Project "E:\working\PrivateLiveWindows\PrivateLiveWindows\PrivateLiveWindows.vcxproj" (build target(s)).

Build succeeded.

Time Elapsed 00:00:05.91
